<?xml version="1.0" encoding="UTF-8"?>
<testng-results skipped="0" failed="1" ignored="0" total="3" passed="2">
  <reporter-output>
  </reporter-output>
  <suite name="Default suite" duration-ms="110931" started-at="2019-02-18T07:26:43Z" finished-at="2019-02-18T07:28:34Z">
    <groups>
    </groups>
    <test name="Default test" duration-ms="110931" started-at="2019-02-18T07:26:43Z" finished-at="2019-02-18T07:28:34Z">
      <class name="com.Mercuryts.MercuryTest">
        <test-method status="PASS" signature="openbrowser()[pri:0, instance:com.Mercuryts.MercuryTest@68c4039c]" name="openbrowser" is-config="true" duration-ms="2889" started-at="2019-02-18T07:26:40Z" finished-at="2019-02-18T07:26:43Z">
          <reporter-output>
          </reporter-output>
        </test-method> <!-- openbrowser -->
        <test-method status="PASS" signature="enterurl()[pri:0, instance:com.Mercuryts.MercuryTest@68c4039c]" name="enterurl" is-config="true" duration-ms="30744" started-at="2019-02-18T07:26:43Z" finished-at="2019-02-18T07:27:14Z">
          <reporter-output>
          </reporter-output>
        </test-method> <!-- enterurl -->
        <test-method status="PASS" signature="maximizebrowser()[pri:0, instance:com.Mercuryts.MercuryTest@68c4039c]" name="maximizebrowser" is-config="true" duration-ms="1161" started-at="2019-02-18T07:27:14Z" finished-at="2019-02-18T07:27:15Z">
          <reporter-output>
          </reporter-output>
        </test-method> <!-- maximizebrowser -->
        <test-method status="PASS" signature="getallcookies()[pri:0, instance:com.Mercuryts.MercuryTest@68c4039c]" name="getallcookies" is-config="true" duration-ms="15" started-at="2019-02-18T07:27:15Z" finished-at="2019-02-18T07:27:15Z">
          <reporter-output>
          </reporter-output>
        </test-method> <!-- getallcookies -->
        <test-method status="PASS" signature="loginwithvalidds(java.lang.String, java.lang.String)[pri:0, instance:com.Mercuryts.MercuryTest@68c4039c]" name="loginwithvalidds" duration-ms="39540" started-at="2019-02-18T07:27:15Z" data-provider="getdata" finished-at="2019-02-18T07:27:55Z">
          <params>
            <param index="0">
              <value>
                <![CDATA[Suvidyap1]]>
              </value>
            </param>
            <param index="1">
              <value>
                <![CDATA[P@ssword1]]>
              </value>
            </param>
          </params>
          <reporter-output>
          </reporter-output>
        </test-method> <!-- loginwithvalidds -->
        <test-method status="PASS" signature="capturescreenshot()[pri:0, instance:com.Mercuryts.MercuryTest@68c4039c]" name="capturescreenshot" is-config="true" duration-ms="440" started-at="2019-02-18T07:27:55Z" finished-at="2019-02-18T07:27:55Z">
          <reporter-output>
          </reporter-output>
        </test-method> <!-- capturescreenshot -->
        <test-method status="PASS" signature="getallcookies()[pri:0, instance:com.Mercuryts.MercuryTest@68c4039c]" name="getallcookies" is-config="true" duration-ms="6" started-at="2019-02-18T07:27:55Z" finished-at="2019-02-18T07:27:55Z">
          <reporter-output>
          </reporter-output>
        </test-method> <!-- getallcookies -->
        <test-method status="PASS" signature="loginwithvalidds(java.lang.String, java.lang.String)[pri:0, instance:com.Mercuryts.MercuryTest@68c4039c]" name="loginwithvalidds" duration-ms="37720" started-at="2019-02-18T07:27:55Z" data-provider="getdata" finished-at="2019-02-18T07:28:33Z">
          <params>
            <param index="0">
              <value>
                <![CDATA[Suvidyap2]]>
              </value>
            </param>
            <param index="1">
              <value>
                <![CDATA[P@ssword2]]>
              </value>
            </param>
          </params>
          <reporter-output>
          </reporter-output>
        </test-method> <!-- loginwithvalidds -->
        <test-method status="PASS" signature="capturescreenshot()[pri:0, instance:com.Mercuryts.MercuryTest@68c4039c]" name="capturescreenshot" is-config="true" duration-ms="368" started-at="2019-02-18T07:28:33Z" finished-at="2019-02-18T07:28:33Z">
          <reporter-output>
          </reporter-output>
        </test-method> <!-- capturescreenshot -->
        <test-method status="PASS" signature="getallcookies()[pri:0, instance:com.Mercuryts.MercuryTest@68c4039c]" name="getallcookies" is-config="true" duration-ms="15" started-at="2019-02-18T07:28:33Z" finished-at="2019-02-18T07:28:33Z">
          <reporter-output>
          </reporter-output>
        </test-method> <!-- getallcookies -->
        <test-method status="FAIL" signature="loginwithvalidds(java.lang.String, java.lang.String)[pri:0, instance:com.Mercuryts.MercuryTest@68c4039c]" name="loginwithvalidds" duration-ms="65" started-at="2019-02-18T07:28:33Z" data-provider="getdata" finished-at="2019-02-18T07:28:34Z">
          <params>
            <param index="0">
              <value>
                <![CDATA[Suvidyap3]]>
              </value>
            </param>
            <param index="1">
              <value>
                <![CDATA[P@ssword3]]>
              </value>
            </param>
          </params>
          <exception class="org.openqa.selenium.NoSuchElementException">
            <message>
              <![CDATA[no such element: Unable to locate element: {"method":"xpath","selector":"//input[@name='userName']"}
  (Session info: chrome=72.0.3626.109)
  (Driver info: chromedriver=2.45.615291 (ec3682e3c9061c10f26ea9e5cdcf3c53f3f74387),platform=Windows NT 10.0.17134 x86_64) (WARNING: The server did not provide any stacktrace information)
Command duration or timeout: 0 milliseconds
For documentation on this error, please visit: https://www.seleniumhq.org/exceptions/no_such_element.html
Build info: version: '3.141.59', revision: 'e82be7d358', time: '2018-11-14T08:25:53'
System info: host: 'DESKTOP-4128O7R', ip: '192.168.0.21', os.name: 'Windows 10', os.arch: 'amd64', os.version: '10.0', java.version: '1.8.0_161'
Driver info: org.openqa.selenium.chrome.ChromeDriver
Capabilities {acceptInsecureCerts: false, acceptSslCerts: false, applicationCacheEnabled: false, browserConnectionEnabled: false, browserName: chrome, chrome: {chromedriverVersion: 2.45.615291 (ec3682e3c9061c..., userDataDir: C:\Users\mahendra\AppData\L...}, cssSelectorsEnabled: true, databaseEnabled: false, goog:chromeOptions: {debuggerAddress: localhost:65348}, handlesAlerts: true, hasTouchScreen: false, javascriptEnabled: true, locationContextEnabled: true, mobileEmulationEnabled: false, nativeEvents: true, networkConnectionEnabled: false, pageLoadStrategy: normal, platform: XP, platformName: XP, proxy: Proxy(), rotatable: false, setWindowRect: true, strictFileInteractability: false, takesHeapSnapshot: true, takesScreenshot: true, timeouts: {implicit: 0, pageLoad: 300000, script: 30000}, unexpectedAlertBehaviour: ignore, unhandledPromptBehavior: ignore, version: 72.0.3626.109, webStorageEnabled: true}
Session ID: d90a46f9f83ce0e282b384834885d0ec
*** Element info: {Using=xpath, value=//input[@name='userName']}]]>
            </message>
            <full-stacktrace>
              <![CDATA[org.openqa.selenium.NoSuchElementException: no such element: Unable to locate element: {"method":"xpath","selector":"//input[@name='userName']"}
  (Session info: chrome=72.0.3626.109)
  (Driver info: chromedriver=2.45.615291 (ec3682e3c9061c10f26ea9e5cdcf3c53f3f74387),platform=Windows NT 10.0.17134 x86_64) (WARNING: The server did not provide any stacktrace information)
Command duration or timeout: 0 milliseconds
For documentation on this error, please visit: https://www.seleniumhq.org/exceptions/no_such_element.html
Build info: version: '3.141.59', revision: 'e82be7d358', time: '2018-11-14T08:25:53'
System info: host: 'DESKTOP-4128O7R', ip: '192.168.0.21', os.name: 'Windows 10', os.arch: 'amd64', os.version: '10.0', java.version: '1.8.0_161'
Driver info: org.openqa.selenium.chrome.ChromeDriver
Capabilities {acceptInsecureCerts: false, acceptSslCerts: false, applicationCacheEnabled: false, browserConnectionEnabled: false, browserName: chrome, chrome: {chromedriverVersion: 2.45.615291 (ec3682e3c9061c..., userDataDir: C:\Users\mahendra\AppData\L...}, cssSelectorsEnabled: true, databaseEnabled: false, goog:chromeOptions: {debuggerAddress: localhost:65348}, handlesAlerts: true, hasTouchScreen: false, javascriptEnabled: true, locationContextEnabled: true, mobileEmulationEnabled: false, nativeEvents: true, networkConnectionEnabled: false, pageLoadStrategy: normal, platform: XP, platformName: XP, proxy: Proxy(), rotatable: false, setWindowRect: true, strictFileInteractability: false, takesHeapSnapshot: true, takesScreenshot: true, timeouts: {implicit: 0, pageLoad: 300000, script: 30000}, unexpectedAlertBehaviour: ignore, unhandledPromptBehavior: ignore, version: 72.0.3626.109, webStorageEnabled: true}
Session ID: d90a46f9f83ce0e282b384834885d0ec
*** Element info: {Using=xpath, value=//input[@name='userName']}
at sun.reflect.NativeConstructorAccessorImpl.newInstance0(Native Method)
at sun.reflect.NativeConstructorAccessorImpl.newInstance(NativeConstructorAccessorImpl.java:62)
at sun.reflect.DelegatingConstructorAccessorImpl.newInstance(DelegatingConstructorAccessorImpl.java:45)
at java.lang.reflect.Constructor.newInstance(Constructor.java:423)
at org.openqa.selenium.remote.ErrorHandler.createThrowable(ErrorHandler.java:214)
at org.openqa.selenium.remote.ErrorHandler.throwIfResponseFailed(ErrorHandler.java:166)
at org.openqa.selenium.remote.http.JsonHttpResponseCodec.reconstructValue(JsonHttpResponseCodec.java:40)
at org.openqa.selenium.remote.http.AbstractHttpResponseCodec.decode(AbstractHttpResponseCodec.java:80)
at org.openqa.selenium.remote.http.AbstractHttpResponseCodec.decode(AbstractHttpResponseCodec.java:44)
at org.openqa.selenium.remote.HttpCommandExecutor.execute(HttpCommandExecutor.java:158)
at org.openqa.selenium.remote.service.DriverCommandExecutor.execute(DriverCommandExecutor.java:83)
at org.openqa.selenium.remote.RemoteWebDriver.execute(RemoteWebDriver.java:552)
at org.openqa.selenium.remote.RemoteWebDriver.findElement(RemoteWebDriver.java:323)
at org.openqa.selenium.remote.RemoteWebDriver.findElementByXPath(RemoteWebDriver.java:428)
at org.openqa.selenium.By$ByXPath.findElement(By.java:353)
at org.openqa.selenium.remote.RemoteWebDriver.findElement(RemoteWebDriver.java:315)
at com.Mercuryts.MercuryTest.loginwithvalidds(MercuryTest.java:31)
at sun.reflect.NativeMethodAccessorImpl.invoke0(Native Method)
at sun.reflect.NativeMethodAccessorImpl.invoke(NativeMethodAccessorImpl.java:62)
at sun.reflect.DelegatingMethodAccessorImpl.invoke(DelegatingMethodAccessorImpl.java:43)
at java.lang.reflect.Method.invoke(Method.java:498)
at org.testng.internal.MethodInvocationHelper.invokeMethod(MethodInvocationHelper.java:124)
at org.testng.internal.Invoker.invokeMethod(Invoker.java:580)
at org.testng.internal.Invoker.invokeTestMethod(Invoker.java:716)
at org.testng.internal.Invoker.invokeTestMethods(Invoker.java:988)
at org.testng.internal.TestMethodWorker.invokeTestMethods(TestMethodWorker.java:125)
at org.testng.internal.TestMethodWorker.run(TestMethodWorker.java:109)
at org.testng.TestRunner.privateRun(TestRunner.java:648)
at org.testng.TestRunner.run(TestRunner.java:505)
at org.testng.SuiteRunner.runTest(SuiteRunner.java:455)
at org.testng.SuiteRunner.runSequentially(SuiteRunner.java:450)
at org.testng.SuiteRunner.privateRun(SuiteRunner.java:415)
at org.testng.SuiteRunner.run(SuiteRunner.java:364)
at org.testng.SuiteRunnerWorker.runSuite(SuiteRunnerWorker.java:52)
at org.testng.SuiteRunnerWorker.run(SuiteRunnerWorker.java:84)
at org.testng.TestNG.runSuitesSequentially(TestNG.java:1208)
at org.testng.TestNG.runSuitesLocally(TestNG.java:1137)
at org.testng.TestNG.runSuites(TestNG.java:1049)
at org.testng.TestNG.run(TestNG.java:1017)
at org.testng.remote.AbstractRemoteTestNG.run(AbstractRemoteTestNG.java:114)
at org.testng.remote.RemoteTestNG.initAndRun(RemoteTestNG.java:251)
at org.testng.remote.RemoteTestNG.main(RemoteTestNG.java:77)
]]>
            </full-stacktrace>
          </exception> <!-- org.openqa.selenium.NoSuchElementException -->
          <reporter-output>
          </reporter-output>
        </test-method> <!-- loginwithvalidds -->
        <test-method status="PASS" signature="capturescreenshot()[pri:0, instance:com.Mercuryts.MercuryTest@68c4039c]" name="capturescreenshot" is-config="true" duration-ms="340" started-at="2019-02-18T07:28:34Z" finished-at="2019-02-18T07:28:34Z">
          <reporter-output>
          </reporter-output>
        </test-method> <!-- capturescreenshot -->
        <test-method status="PASS" signature="deleteCookies()[pri:0, instance:com.Mercuryts.MercuryTest@68c4039c]" name="deleteCookies" is-config="true" duration-ms="16" started-at="2019-02-18T07:28:34Z" finished-at="2019-02-18T07:28:34Z">
          <reporter-output>
          </reporter-output>
        </test-method> <!-- deleteCookies -->
        <test-method status="PASS" signature="dbconnection()[pri:0, instance:com.Mercuryts.MercuryTest@68c4039c]" name="dbconnection" is-config="true" duration-ms="0" started-at="2019-02-18T07:28:34Z" finished-at="2019-02-18T07:28:34Z">
          <reporter-output>
          </reporter-output>
        </test-method> <!-- dbconnection -->
        <test-method status="PASS" signature="closedbrowser()[pri:0, instance:com.Mercuryts.MercuryTest@68c4039c]" name="closedbrowser" is-config="true" duration-ms="61" started-at="2019-02-18T07:28:34Z" finished-at="2019-02-18T07:28:34Z">
          <reporter-output>
          </reporter-output>
        </test-method> <!-- closedbrowser -->
      </class> <!-- com.Mercuryts.MercuryTest -->
    </test> <!-- Default test -->
  </suite> <!-- Default suite -->
</testng-results>
